<?xml version="1.0" encoding="UTF-8"?>
<!-- Generated by org.testng.reporters.JUnitXMLReporter -->
<testsuite hostname="Mds-MacBook-Pro.local" ignored="1" name="Car Loan" tests="2" failures="0" timestamp="2020-04-19T01:14:45 EDT" time="0.009" errors="0">
  <testcase name="MobileLoginHomeLoan" time="0.001" classname="comGeeksoft.Day3"/>
  <testcase name="WebLoginHomeLoan" time="0.003" classname="comGeeksoft.Day3"/>
  <testcase name="LoginApiHomeLoan" time="0.0" classname="comGeeksoft.Day3">
    <ignored/>
  </testcase> <!-- LoginApiHomeLoan -->
</testsuite> <!-- Car Loan -->
