<?xml version="1.0" encoding="UTF-8"?>
<!-- Generated by org.testng.reporters.JUnitXMLReporter -->
<testsuite hostname="Mds-MacBook-Pro.local" ignored="0" name="Personal loan" tests="3" failures="0" timestamp="2020-04-19T01:14:45 EDT" time="0.056" errors="0">
  <testcase name="Demo" time="0.007" classname="comGeeksoft.Day1"/>
  <testcase name="SecondTest" time="0.001" classname="comGeeksoft.Day1"/>
  <testcase name="PersonalLoan" time="0.001" classname="comGeeksoft.Day2"/>
</testsuite> <!-- Personal loan -->
