<?xml version="1.0" encoding="UTF-8"?>
<!-- Generated by org.testng.reporters.JUnitXMLReporter -->
<testsuite hostname="Mds-MacBook-Pro" ignored="0" name="Default test" tests="3" failures="0" timestamp="2020-12-07T20:11:16 EST" time="6.352" errors="0">
  <testcase name="Amazon" time="6.293" classname="comGeeksoft.Day1"/>
  <testcase name="StudentLoanFahim" time="0.001" classname="comGeeksoft.Day1"/>
  <testcase name="StudentLoanRaisa" time="0.002" classname="comGeeksoft.Day1"/>
</testsuite> <!-- Default test -->
