<?xml version="1.0" encoding="UTF-8"?>
<!-- Generated by org.testng.reporters.JUnitXMLReporter -->
<testsuite hostname="Mds-MacBook-Pro.local" ignored="1" name="Initial Test" tests="8" failures="0" timestamp="2020-04-20T01:34:57 EDT" time="0.075" errors="0">
  <testcase name="PersonalLoanTanha" time="0.009" classname="comGeeksoft.Day2"/>
  <testcase name="PersonalLoanTonni" time="0.001" classname="comGeeksoft.Day2"/>
  <testcase name="LoginApiHomeLoan" time="0.002" classname="comGeeksoft.Day3"/>
  <testcase name="MobileLoginHomeLoan" time="0.002" classname="comGeeksoft.Day3"/>
  <testcase name="WebLoginHomeLoan" time="0.001" classname="comGeeksoft.Day3"/>
  <testcase name="StudentLoanFahim" time="0.001" classname="comGeeksoft.Day1"/>
  <testcase name="StudentLoanMohsin" time="0.001" classname="comGeeksoft.Day1"/>
  <testcase name="StudentLoanRaisa" time="0.001" classname="comGeeksoft.Day1"/>
  <testcase name="PersonalLoanMiraj" time="0.0" classname="comGeeksoft.Day2">
    <ignored/>
  </testcase> <!-- PersonalLoanMiraj -->
</testsuite> <!-- Initial Test -->
