<?xml version="1.0" encoding="UTF-8"?>
<!-- Generated by org.testng.reporters.JUnitXMLReporter -->
<testsuite hostname="Mds-MacBook-Pro.local" ignored="1" name="Smoke" tests="2" failures="0" timestamp="2020-06-29T19:03:25 EDT" time="4.347" errors="0">
  <testcase name="Amazon" time="4.301" classname="comGeeksoft.Day1"/>
  <testcase name="StudentLoanRaisa" time="0.001" classname="comGeeksoft.Day1"/>
  <testcase name="StudentLoanFahim" time="0.0" classname="comGeeksoft.Day1">
    <ignored/>
  </testcase> <!-- StudentLoanFahim -->
</testsuite> <!-- Smoke -->
